<?xml version="1.0" encoding="UTF-8"?>
<!-- Generated by org.testng.reporters.JUnitXMLReporter -->
<testsuite hostname="DESKTOP-5RGTLIF" ignored="0" name="Regression" tests="1" failures="1" timestamp="19 Apr 2018 17:03:03 GMT" time="31.37" errors="0">
  <testcase name="buyKundanJewellery" time="18.64" classname="com.craftsvilla.testscripts.AccessoriesModuleScripts">
    <failure type="java.lang.AssertionError" message="null">
      <![CDATA[java.lang.AssertionError: nullat com.craftsvilla.testscripts.AccessoriesModuleScripts.buyKundanJewellery(AccessoriesModuleScripts.java:32)... Removed 27 stack frames]]>
    </failure>
  </testcase> <!-- buyKundanJewellery -->
</testsuite> <!-- Regression -->
