<?xml version="1.0" encoding="UTF-8"?>
<testng-results skipped="0" failed="1" ignored="0" total="1" passed="0">
  <reporter-output>
    <line>
      <![CDATA[Element present]]>
    </line>
    <line>
      <![CDATA[Element present]]>
    </line>
    <line>
      <![CDATA[Element present]]>
    </line>
  </reporter-output>
  <suite name="Craftsvilla" duration-ms="31370" started-at="2018-04-19T17:02:32Z" finished-at="2018-04-19T17:03:03Z">
    <groups>
    </groups>
    <test name="Regression" duration-ms="31370" started-at="2018-04-19T17:02:32Z" finished-at="2018-04-19T17:03:03Z">
      <class name="com.craftsvilla.testscripts.AccessoriesModuleScripts">
        <test-method status="PASS" signature="precondition()[pri:0, instance:com.craftsvilla.testscripts.AccessoriesModuleScripts@6ee52dcd]" name="precondition" is-config="true" duration-ms="10932" started-at="2018-04-19T22:32:32Z" finished-at="2018-04-19T22:32:42Z">
          <reporter-output>
          </reporter-output>
        </test-method> <!-- precondition -->
        <test-method status="FAIL" signature="buyKundanJewellery()[pri:0, instance:com.craftsvilla.testscripts.AccessoriesModuleScripts@6ee52dcd]" name="buyKundanJewellery" duration-ms="18640" started-at="2018-04-19T22:32:42Z" finished-at="2018-04-19T22:33:01Z">
          <exception class="java.lang.AssertionError">
            <message>
              <![CDATA[null]]>
            </message>
            <full-stacktrace>
              <![CDATA[java.lang.AssertionError: nullat org.testng.Assert.fail(Assert.java:96)at org.testng.Assert.fail(Assert.java:103)at com.craftsvilla.testscripts.AccessoriesModuleScripts.buyKundanJewellery(AccessoriesModuleScripts.java:32)at sun.reflect.NativeMethodAccessorImpl.invoke0(Native Method)at sun.reflect.NativeMethodAccessorImpl.invoke(Unknown Source)at sun.reflect.DelegatingMethodAccessorImpl.invoke(Unknown Source)at java.lang.reflect.Method.invoke(Unknown Source)at org.testng.internal.MethodInvocationHelper.invokeMethod(MethodInvocationHelper.java:124)at org.testng.internal.Invoker.invokeMethod(Invoker.java:571)at org.testng.internal.Invoker.invokeTestMethod(Invoker.java:707)at org.testng.internal.Invoker.invokeTestMethods(Invoker.java:979)at org.testng.internal.TestMethodWorker.invokeTestMethods(TestMethodWorker.java:125)at org.testng.internal.TestMethodWorker.run(TestMethodWorker.java:109)at org.testng.TestRunner.privateRun(TestRunner.java:648)at org.testng.TestRunner.run(TestRunner.java:505)at org.testng.SuiteRunner.runTest(SuiteRunner.java:455)at org.testng.SuiteRunner.runSequentially(SuiteRunner.java:450)at org.testng.SuiteRunner.privateRun(SuiteRunner.java:415)at org.testng.SuiteRunner.run(SuiteRunner.java:364)at org.testng.SuiteRunnerWorker.runSuite(SuiteRunnerWorker.java:52)at org.testng.SuiteRunnerWorker.run(SuiteRunnerWorker.java:84)at org.testng.TestNG.runSuitesSequentially(TestNG.java:1187)at org.testng.TestNG.runSuitesLocally(TestNG.java:1116)at org.testng.TestNG.runSuites(TestNG.java:1028)at org.testng.TestNG.run(TestNG.java:996)at org.testng.remote.AbstractRemoteTestNG.run(AbstractRemoteTestNG.java:114)at org.testng.remote.RemoteTestNG.initAndRun(RemoteTestNG.java:251)at org.testng.remote.RemoteTestNG.main(RemoteTestNG.java:77)]]>
            </full-stacktrace>
          </exception> <!-- java.lang.AssertionError -->
          <reporter-output>
            <line>
              <![CDATA[Element present]]>
            </line>
            <line>
              <![CDATA[Element present]]>
            </line>
            <line>
              <![CDATA[Element present]]>
            </line>
          </reporter-output>
        </test-method> <!-- buyKundanJewellery -->
        <test-method status="PASS" signature="closeBrowser()[pri:0, instance:com.craftsvilla.testscripts.AccessoriesModuleScripts@6ee52dcd]" name="closeBrowser" is-config="true" duration-ms="906" started-at="2018-04-19T22:33:02Z" finished-at="2018-04-19T22:33:03Z">
          <reporter-output>
          </reporter-output>
        </test-method> <!-- closeBrowser -->
      </class> <!-- com.craftsvilla.testscripts.AccessoriesModuleScripts -->
    </test> <!-- Regression -->
  </suite> <!-- Craftsvilla -->
</testng-results>
